#
# There is insufficient memory for the Java Runtime Environment to continue.
# Native memory allocation (mmap) failed to map 19922944 bytes for Failed to commit area from 0x00000000e2400000 to 0x00000000e3700000 of length 19922944.
# Possible reasons:
#   The system is out of physical RAM or swap space
#   The process is running with CompressedOops enabled, and the Java Heap may be blocking the growth of the native heap
# Possible solutions:
#   Reduce memory load on the system
#   Increase physical memory or swap space
#   Check if swap backing store is full
#   Decrease Java heap size (-Xmx/-Xms)
#   Decrease number of Java threads
#   Decrease Java thread stack sizes (-Xss)
#   Set larger code cache with -XX:ReservedCodeCacheSize=
#   JVM is running with Unscaled Compressed Oops mode in which the Java heap is
#     placed in the first 4GB address space. The Java Heap base address is the
#     maximum limit for the native heap growth. Please use -XX:HeapBaseMinAddress
#     to set the Java Heap base and to place the Java Heap above 4GB virtual address.
# This output file may be truncated or incomplete.
#
#  Out of Memory Error (t:/workspace/open/src/hotspot/os/windows/os_windows.cpp:3269), pid=5708, tid=2156
#
# JRE version: Java(TM) SE Runtime Environment (11.0.2+9) (build 11.0.2+9-LTS)
# Java VM: Java HotSpot(TM) 64-Bit Server VM (11.0.2+9-LTS, mixed mode, tiered, compressed oops, g1 gc, windows-amd64)
# No core dump will be written. Minidumps are not enabled by default on client versions of Windows
#

---------------  S U M M A R Y ------------

Command Line: -XX:TieredStopAtLevel=1 -Xverify:none -Dspring.output.ansi.enabled=always -Dcom.sun.management.jmxremote -Dspring.liveBeansView.mbeanDomain -Dspring.application.admin.enabled=true -javaagent:C:\Program Files\JetBrains\IntelliJ IDEA 2018.3.5\lib\idea_rt.jar=54034:C:\Program Files\JetBrains\IntelliJ IDEA 2018.3.5\bin -Dfile.encoding=UTF-8 com.example.sweater.Application

Host: Intel(R) Pentium(R) CPU B950 @ 2.10GHz, 2 cores, 1G,  Windows 10 , 64 bit Build 16299 (10.0.16299.15)
Time: Wed Mar  6 22:52:49 2019 RTZ 4 (ceia) elapsed time: 3 seconds (0d 0h 0m 3s)

---------------  T H R E A D  ---------------

Current thread (0x000001d732b7a800):  VMThread "VM Thread" [stack: 0x000000d6d9f00000,0x000000d6da000000] [id=2156]

Stack: [0x000000d6d9f00000,0x000000d6da000000]
[error occurred during error reporting (printing stack bounds), id 0xc0000005, EXCEPTION_ACCESS_VIOLATION (0xc0000005) at pc=0x000001d720050bbd]

Native frames: (J=compiled Java code, j=interpreted, Vv=VM code, C=native code)
V  [jvm.dll+0x63574a]
V  [jvm.dll+0x77326f]
V  [jvm.dll+0x77491a]
V  [jvm.dll+0x774f35]
V  [jvm.dll+0x774eeb]
V  [jvm.dll+0x634e56]
V  [jvm.dll+0x635218]
C  [ntdll.dll+0xa4c3d]
C  [ntdll.dll+0x1d1b8]
C  [ntdll.dll+0xa3b6e]
C  0x000001d720050bbd

VM_Operation (0x000000d6db8fc6b0): CollectForMetadataAllocation, mode: safepoint, requested by thread 0x000001d7338df000


---------------  P R O C E S S  ---------------

Threads class SMR info:
_java_thread_list=0x000001d73392ddb0, length=17, elements={
0x000001d717d28800, 0x000001d732ba2000, 0x000001d732ba3800, 0x000001d732c06000,
0x000001d732c07000, 0x000001d732c0a000, 0x000001d732c2b000, 0x000001d732e3b000,
0x000001d732e43000, 0x000001d733073000, 0x000001d733073800, 0x000001d733277800,
0x000001d73367f000, 0x000001d733715000, 0x000001d7338cb000, 0x000001d7338d3000,
0x000001d7338df000
}

Java Threads: ( => current thread )
  0x000001d717d28800 JavaThread "main" [_thread_blocked, id=7112, stack(0x000000d6d9900000,0x000000d6d9a00000)]
  0x000001d732ba2000 JavaThread "Reference Handler" daemon [_thread_blocked, id=7640, stack(0x000000d6da000000,0x000000d6da100000)]
  0x000001d732ba3800 JavaThread "Finalizer" daemon [_thread_blocked, id=7252, stack(0x000000d6da100000,0x000000d6da200000)]
  0x000001d732c06000 JavaThread "Signal Dispatcher" daemon [_thread_blocked, id=1860, stack(0x000000d6da200000,0x000000d6da300000)]
  0x000001d732c07000 JavaThread "Attach Listener" daemon [_thread_blocked, id=1952, stack(0x000000d6da300000,0x000000d6da400000)]
  0x000001d732c0a000 JavaThread "C1 CompilerThread0" daemon [_thread_blocked, id=6328, stack(0x000000d6da400000,0x000000d6da500000)]
  0x000001d732c2b000 JavaThread "Sweeper thread" daemon [_thread_blocked, id=4640, stack(0x000000d6da500000,0x000000d6da600000)]
  0x000001d732e3b000 JavaThread "Common-Cleaner" daemon [_thread_blocked, id=1664, stack(0x000000d6da600000,0x000000d6da700000)]
  0x000001d732e43000 JavaThread "C1 CompilerThread1" daemon [_thread_blocked, id=5264, stack(0x000000d6da700000,0x000000d6da800000)]
  0x000001d733073000 JavaThread "Monitor Ctrl-Break" daemon [_thread_in_native, id=5204, stack(0x000000d6da800000,0x000000d6da900000)]
  0x000001d733073800 JavaThread "Service Thread" daemon [_thread_blocked, id=5728, stack(0x000000d6da900000,0x000000d6daa00000)]
  0x000001d733277800 JavaThread "RMI TCP Accept-0" daemon [_thread_in_native, id=4612, stack(0x000000d6dac00000,0x000000d6dad00000)]
  0x000001d73367f000 JavaThread "RMI TCP Connection(1)-192.168.0.41" daemon [_thread_in_native, id=2440, stack(0x000000d6db300000,0x000000d6db400000)]
  0x000001d733715000 JavaThread "RMI Scheduler(0)" daemon [_thread_blocked, id=4540, stack(0x000000d6db400000,0x000000d6db500000)]
  0x000001d7338cb000 JavaThread "Thread-0" [_thread_blocked, id=5936, stack(0x000000d6db600000,0x000000d6db700000)]
  0x000001d7338d3000 JavaThread "restartedMain" [_thread_blocked, id=6412, stack(0x000000d6db700000,0x000000d6db800000)]
  0x000001d7338df000 JavaThread "background-preinit" [_thread_blocked, id=4944, stack(0x000000d6db800000,0x000000d6db900000)]

Other Threads:
=>0x000001d732b7a800 VMThread "VM Thread" [stack: 0x000000d6d9f00000,0x000000d6da000000] [id=2156]
  0x000001d733377800 WatcherThread [stack: 0x000000d6dad00000,0x000000d6dae00000] [id=7980]
  0x000001d717d3e000 GCTaskThread "GC Thread#0" [stack: 0x000000d6d9a00000,0x000000d6d9b00000] [id=3732]
  0x000001d73325e000 GCTaskThread "GC Thread#1" [stack: 0x000000d6daa00000,0x000000d6dab00000] [id=2444]
  0x000001d717d4e800 ConcurrentGCThread "G1 Main Marker" [stack: 0x000000d6d9b00000,0x000000d6d9c00000] [id=744]
  0x000001d717d51000 ConcurrentGCThread "G1 Conc#0" [stack: 0x000000d6d9c00000,0x000000d6d9d00000] [id=7752]
  0x000001d717d86000 ConcurrentGCThread "G1 Refine#0" [stack: 0x000000d6d9d00000,0x000000d6d9e00000] [id=92]
  0x000001d73300e000 ConcurrentGCThread "G1 Refine#1" [stack: 0x000000d6dab00000,0x000000d6dac00000] [id=5044]
  0x000001d717d87000 ConcurrentGCThread "G1 Young RemSet Sampling" [stack: 0x000000d6d9e00000,0x000000d6d9f00000] [id=3956]

Threads with active compile tasks:

VM state:at safepoint (normal execution)

VM Mutex/Monitor currently owned by a thread:  ([mutex/lock_event])
[0x000001d717d265c0] Threads_lock - owner thread: 0x000001d732b7a800
[0x000001d717d27a00] Heap_lock - owner thread: 0x000001d7338df000

Heap address: 0x00000000e0400000, size: 508 MB, Compressed Oops mode: 32-bit
Narrow klass base: 0x0000000000000000, Narrow klass shift: 3
Compressed class space size: 1073741824 Address: 0x0000000100000000

Heap:
 garbage-first heap   total 52224K, used 6849K [0x00000000e0400000, 0x0000000100000000)
  region size 1024K, 1 young (1024K), 1 survivors (1024K)
 Metaspace       used 20508K, capacity 21161K, committed 21248K, reserved 1067008K
  class space    used 2482K, capacity 2736K, committed 2816K, reserved 1048576K
Heap Regions: E=young(eden), S=young(survivor), O=old, HS=humongous(starts), HC=humongous(continues), CS=collection set, F=free, A=archive, TAMS=top-at-mark-start (previous, next)
|   0|0x00000000e0400000, 0x00000000e0500000, 0x00000000e0500000|100%| O|  |TAMS 0x00000000e0400000, 0x00000000e0500000| Untracked 
|   1|0x00000000e0500000, 0x00000000e0600000, 0x00000000e0600000|100%| O|  |TAMS 0x00000000e0500000, 0x00000000e0600000| Untracked 
|   2|0x00000000e0600000, 0x00000000e0700000, 0x00000000e0700000|100%| O|  |TAMS 0x00000000e0600000, 0x00000000e0700000| Untracked 
|   3|0x00000000e0700000, 0x00000000e0800000, 0x00000000e0800000|100%| O|  |TAMS 0x00000000e0700000, 0x00000000e0800000| Untracked 
|   4|0x00000000e0800000, 0x00000000e0900000, 0x00000000e0900000|100%| O|  |TAMS 0x00000000e0800000, 0x00000000e0900000| Untracked 
|   5|0x00000000e0900000, 0x00000000e09d5000, 0x00000000e0a00000| 83%| O|  |TAMS 0x00000000e0900000, 0x00000000e09d5000| Untracked 
|   6|0x00000000e0a00000, 0x00000000e0a00000, 0x00000000e0b00000|  0%| F|  |TAMS 0x00000000e0a00000, 0x00000000e0a00000| Untracked 
|   7|0x00000000e0b00000, 0x00000000e0b00000, 0x00000000e0c00000|  0%| F|  |TAMS 0x00000000e0b00000, 0x00000000e0b00000| Untracked 
|   8|0x00000000e0c00000, 0x00000000e0c00000, 0x00000000e0d00000|  0%| F|  |TAMS 0x00000000e0c00000, 0x00000000e0c00000| Untracked 
|   9|0x00000000e0d00000, 0x00000000e0d00000, 0x00000000e0e00000|  0%| F|  |TAMS 0x00000000e0d00000, 0x00000000e0d00000| Untracked 
|  10|0x00000000e0e00000, 0x00000000e0e00000, 0x00000000e0f00000|  0%| F|  |TAMS 0x00000000e0e00000, 0x00000000e0e00000| Untracked 
|  11|0x00000000e0f00000, 0x00000000e0f00000, 0x00000000e1000000|  0%| F|  |TAMS 0x00000000e0f00000, 0x00000000e0f00000| Untracked 
|  12|0x00000000e1000000, 0x00000000e1000000, 0x00000000e1100000|  0%| F|  |TAMS 0x00000000e1000000, 0x00000000e1000000| Untracked 
|  13|0x00000000e1100000, 0x00000000e1100000, 0x00000000e1200000|  0%| F|  |TAMS 0x00000000e1100000, 0x00000000e1100000| Untracked 
|  14|0x00000000e1200000, 0x00000000e1200000, 0x00000000e1300000|  0%| F|  |TAMS 0x00000000e1200000, 0x00000000e1200000| Untracked 
|  15|0x00000000e1300000, 0x00000000e1300000, 0x00000000e1400000|  0%| F|  |TAMS 0x00000000e1300000, 0x00000000e1300000| Untracked 
|  16|0x00000000e1400000, 0x00000000e1400000, 0x00000000e1500000|  0%| F|  |TAMS 0x00000000e1400000, 0x00000000e1400000| Untracked 
|  17|0x00000000e1500000, 0x00000000e1500000, 0x00000000e1600000|  0%| F|  |TAMS 0x00000000e1500000, 0x00000000e1500000| Untracked 
|  18|0x00000000e1600000, 0x00000000e1600000, 0x00000000e1700000|  0%| F|  |TAMS 0x00000000e1600000, 0x00000000e1600000| Untracked 
|  19|0x00000000e1700000, 0x00000000e1700000, 0x00000000e1800000|  0%| F|  |TAMS 0x00000000e1700000, 0x00000000e1700000| Untracked 
|  20|0x00000000e1800000, 0x00000000e1800000, 0x00000000e1900000|  0%| F|  |TAMS 0x00000000e1800000, 0x00000000e1800000| Untracked 
|  21|0x00000000e1900000, 0x00000000e1900000, 0x00000000e1a00000|  0%| F|  |TAMS 0x00000000e1900000, 0x00000000e1900000| Untracked 
|  22|0x00000000e1a00000, 0x00000000e1a00000, 0x00000000e1b00000|  0%| F|  |TAMS 0x00000000e1a00000, 0x00000000e1a00000| Untracked 
|  23|0x00000000e1b00000, 0x00000000e1b00000, 0x00000000e1c00000|  0%| F|  |TAMS 0x00000000e1b00000, 0x00000000e1b00000| Untracked 
|  24|0x00000000e1c00000, 0x00000000e1c00000, 0x00000000e1d00000|  0%| F|  |TAMS 0x00000000e1c00000, 0x00000000e1c00000| Untracked 
|  25|0x00000000e1d00000, 0x00000000e1d00000, 0x00000000e1e00000|  0%| F|  |TAMS 0x00000000e1d00000, 0x00000000e1d00000| Untracked 
|  26|0x00000000e1e00000, 0x00000000e1e00000, 0x00000000e1f00000|  0%| F|  |TAMS 0x00000000e1e00000, 0x00000000e1e00000| Untracked 
|  27|0x00000000e1f00000, 0x00000000e1fdb600, 0x00000000e2000000| 85%| S|CS|TAMS 0x00000000e1f00000, 0x00000000e1f00000| Complete 
|  28|0x00000000e2000000, 0x00000000e2000000, 0x00000000e2100000|  0%| F|  |TAMS 0x00000000e2000000, 0x00000000e2000000| Untracked 
|  29|0x00000000e2100000, 0x00000000e2100000, 0x00000000e2200000|  0%| F|  |TAMS 0x00000000e2100000, 0x00000000e2100000| Untracked 
|  30|0x00000000e2200000, 0x00000000e2200000, 0x00000000e2300000|  0%| F|  |TAMS 0x00000000e2200000, 0x00000000e2200000| Untracked 
|  31|0x00000000e2300000, 0x00000000e2300000, 0x00000000e2400000|  0%| F|  |TAMS 0x00000000e2300000, 0x00000000e2300000| Untracked 

Card table byte_map: [0x000001d717a00000,0x000001d717b00000] _byte_map_base: 0x000001d7172fe000

Marking Bits (Prev, Next): (CMBitMap*) 0x000001d717d4bc68, (CMBitMap*) 0x000001d717d4bca0
 Prev Bits: [0x000001d72f050000, 0x000001d72f840000)
 Next Bits: [0x000001d72f840000, 0x000001d730030000)

Polling page: 0x000001d715eb0000

Metaspace:

Usage:
  Non-class:     17.99 MB capacity,    17.60 MB ( 98%) used,   335.63 KB (  2%) free+waste,    62.75 KB ( <1%) overhead. 
      Class:      2.67 MB capacity,     2.42 MB ( 91%) used,   221.60 KB (  8%) free+waste,    32.06 KB (  1%) overhead. 
       Both:     20.67 MB capacity,    20.03 MB ( 97%) used,   557.23 KB (  3%) free+waste,    94.81 KB ( <1%) overhead. 

Virtual space:
  Non-class space:       18.00 MB reserved,      18.00 MB (100%) committed 
      Class space:        1.00 GB reserved,       2.75 MB ( <1%) committed 
             Both:        1.02 GB reserved,      20.75 MB (  2%) committed 

Chunk freelists:
   Non-Class:  896 bytes
       Class:  2.00 KB
        Both:  2.88 KB

CodeHeap 'non-profiled nmethods': size=239488Kb used=2865Kb max_used=2865Kb free=236622Kb
 bounds [0x000001d720670000, 0x000001d720940000, 0x000001d72f050000]
CodeHeap 'non-nmethods': size=6272Kb used=1693Kb max_used=1693Kb free=4578Kb
 bounds [0x000001d720050000, 0x000001d7202c0000, 0x000001d720670000]
 total_blobs=2431 nmethods=1940 adapters=389
 compilation: enabled
              stopped_count=0, restarted_count=0
 full_count=0

Compilation events (10 events):
Event: 3.433 Thread 0x000001d732e43000 1948       1       java.util.LinkedList::add (32 bytes)
Event: 3.433 Thread 0x000001d732e43000 nmethod 1948 0x000001d72093aa10 code [0x000001d72093ac00, 0x000001d72093ae70]
Event: 3.448 Thread 0x000001d732e43000 1949       1       java.lang.invoke.VarHandleGuards::guard_LII_Z (70 bytes)
Event: 3.449 Thread 0x000001d732e43000 nmethod 1949 0x000001d72093b010 code [0x000001d72093b260, 0x000001d72093b870]
Event: 3.449 Thread 0x000001d732e43000 1951       1       java.lang.invoke.VarHandleInts$FieldInstanceReadWrite::compareAndSet (24 bytes)
Event: 3.450 Thread 0x000001d732e43000 nmethod 1951 0x000001d72093bd10 code [0x000001d72093bf00, 0x000001d72093c210]
Event: 3.453 Thread 0x000001d732e43000 1952       1       java.util.concurrent.locks.AbstractQueuedSynchronizer::compareAndSetState (10 bytes)
Event: 3.453 Thread 0x000001d732e43000 nmethod 1952 0x000001d72093c390 code [0x000001d72093c560, 0x000001d72093c7e0]
Event: 3.750 Thread 0x000001d732e43000 1953       1       java.lang.Class::getConstructor0 (83 bytes)
Event: 3.751 Thread 0x000001d732e43000 nmethod 1953 0x000001d72093c910 code [0x000001d72093cb20, 0x000001d72093cfb0]

GC Heap History (10 events):
Event: 1.627 GC heap after
{Heap after GC invocations=2 (full 0):
 garbage-first heap   total 32768K, used 3638K [0x00000000e0400000, 0x0000000100000000)
  region size 1024K, 1 young (1024K), 1 survivors (1024K)
 Metaspace       used 11445K, capacity 11774K, committed 11904K, reserved 1060864K
  class space    used 1200K, capacity 1334K, committed 1408K, reserved 1048576K
}
Event: 2.215 GC heap before
{Heap before GC invocations=2 (full 0):
 garbage-first heap   total 32768K, used 11830K [0x00000000e0400000, 0x0000000100000000)
  region size 1024K, 9 young (9216K), 1 survivors (1024K)
 Metaspace       used 14216K, capacity 14590K, committed 14720K, reserved 1062912K
  class space    used 1525K, capacity 1635K, committed 1664K, reserved 1048576K
}
Event: 2.220 GC heap after
{Heap after GC invocations=3 (full 0):
 garbage-first heap   total 32768K, used 4835K [0x00000000e0400000, 0x0000000100000000)
  region size 1024K, 2 young (2048K), 2 survivors (2048K)
 Metaspace       used 14216K, capacity 14590K, committed 14720K, reserved 1062912K
  class space    used 1525K, capacity 1635K, committed 1664K, reserved 1048576K
}
Event: 2.614 GC heap before
{Heap before GC invocations=3 (full 0):
 garbage-first heap   total 32768K, used 14051K [0x00000000e0400000, 0x0000000100000000)
  region size 1024K, 11 young (11264K), 2 survivors (2048K)
 Metaspace       used 16221K, capacity 16754K, committed 16896K, reserved 1064960K
  class space    used 1812K, capacity 2005K, committed 2048K, reserved 1048576K
}
Event: 2.621 GC heap after
{Heap after GC invocations=4 (full 0):
 garbage-first heap   total 32768K, used 5590K [0x00000000e0400000, 0x0000000100000000)
  region size 1024K, 1 young (1024K), 1 survivors (1024K)
 Metaspace       used 16221K, capacity 16754K, committed 16896K, reserved 1064960K
  class space    used 1812K, capacity 2005K, committed 2048K, reserved 1048576K
}
Event: 2.964 GC heap before
{Heap before GC invocations=4 (full 0):
 garbage-first heap   total 32768K, used 14806K [0x00000000e0400000, 0x0000000100000000)
  region size 1024K, 11 young (11264K), 1 survivors (1024K)
 Metaspace       used 18289K, capacity 18850K, committed 18944K, reserved 1067008K
  class space    used 2056K, capacity 2264K, committed 2304K, reserved 1048576K
}
Event: 2.971 GC heap after
{Heap after GC invocations=5 (full 0):
 garbage-first heap   total 32768K, used 6046K [0x00000000e0400000, 0x0000000100000000)
  region size 1024K, 2 young (2048K), 2 survivors (2048K)
 Metaspace       used 18289K, capacity 18850K, committed 18944K, reserved 1067008K
  class space    used 2056K, capacity 2264K, committed 2304K, reserved 1048576K
}
Event: 3.323 GC heap before
{Heap before GC invocations=5 (full 0):
 garbage-first heap   total 32768K, used 16286K [0x00000000e0400000, 0x0000000100000000)
  region size 1024K, 12 young (12288K), 2 survivors (2048K)
 Metaspace       used 19819K, capacity 20456K, committed 20608K, reserved 1067008K
  class space    used 2392K, capacity 2630K, committed 2688K, reserved 1048576K
}
Event: 3.333 GC heap after
{Heap after GC invocations=6 (full 0):
 garbage-first heap   total 32768K, used 6501K [0x00000000e0400000, 0x0000000100000000)
  region size 1024K, 2 young (2048K), 2 survivors (2048K)
 Metaspace       used 19819K, capacity 20456K, committed 20608K, reserved 1067008K
  class space    used 2392K, capacity 2630K, committed 2688K, reserved 1048576K
}
Event: 3.784 GC heap before
{Heap before GC invocations=6 (full 0):
 garbage-first heap   total 32768K, used 8549K [0x00000000e0400000, 0x0000000100000000)
  region size 1024K, 6 young (6144K), 2 survivors (2048K)
 Metaspace       used 20508K, capacity 21161K, committed 21248K, reserved 1067008K
  class space    used 2482K, capacity 2736K, committed 2816K, reserved 1048576K
}

Deoptimization events (0 events):
No events

Classes redefined (0 events):
No events

Internal exceptions (10 events):
Event: 2.776 Thread 0x000001d7338d3000 Exception <a 'java/lang/NoSuchMethodError'{0x00000000e1f44150}: java.lang.invoke.DirectMethodHandle$Holder.invokeSpecial(Ljava/lang/Object;Ljava/lang/Object;Ljava/lang/Object;Ljava/lang/Object;Ljava/lang/Object;Ljava/lang/Object;)V> (0x00000000e1f44150) t
Event: 2.782 Thread 0x000001d7338d3000 Exception <a 'java/lang/NoSuchMethodError'{0x00000000e1f6fae8}: java.lang.invoke.Invokers$Holder.linkToTargetMethod(Ljava/lang/Object;Ljava/lang/Object;Ljava/lang/Object;Ljava/lang/Object;Ljava/lang/Object;Ljava/lang/Object;)Ljava/lang/Object;> (0x0000000
Event: 2.783 Thread 0x000001d7338d3000 Exception <a 'java/lang/NoSuchMethodError'{0x00000000e1f73850}: java.lang.invoke.DirectMethodHandle$Holder.invokeSpecial(Ljava/lang/Object;Ljava/lang/Object;Ljava/lang/Object;Ljava/lang/Object;)I> (0x00000000e1f73850) thrown at [t:/workspace/open/src/hots
Event: 2.852 Thread 0x000001d73367f000 Exception <a 'java/lang/reflect/InvocationTargetException'{0x00000000e1b4ed50}> (0x00000000e1b4ed50) thrown at [t:/workspace/open/src/hotspot/share/runtime/reflection.cpp, line 1242]
Event: 3.078 Thread 0x000001d7338d3000 Exception <a 'java/lang/NoSuchMethodError'{0x00000000e22caeb0}: java.lang.invoke.DirectMethodHandle$Holder.invokeVirtual(Ljava/lang/Object;Ljava/lang/Object;Ljava/lang/Object;)Ljava/lang/Object;> (0x00000000e22caeb0) thrown at [t:/workspace/open/src/hotsp
Event: 3.126 Thread 0x000001d7338d3000 Exception <a 'java/lang/NoSuchMethodError'{0x00000000e20438e0}: java.lang.invoke.DirectMethodHandle$Holder.invokeSpecialIFC(Ljava/lang/Object;Ljava/lang/Object;I)I> (0x00000000e20438e0) thrown at [t:/workspace/open/src/hotspot/share/interpreter/linkResolv
Event: 3.209 Thread 0x000001d7338d3000 Exception <a 'java/lang/NoSuchMethodError'{0x00000000e1f89818}: java.lang.invoke.DirectMethodHandle$Holder.invokeStaticInit(Ljava/lang/Object;Ljava/lang/Object;)V> (0x00000000e1f89818) thrown at [t:/workspace/open/src/hotspot/share/interpreter/linkResolve
Event: 3.275 Thread 0x000001d7338d3000 Exception <a 'java/lang/NoSuchMethodError'{0x00000000e1a77740}: java.lang.invoke.DirectMethodHandle$Holder.invokeStaticInit(Ljava/lang/Object;II)I> (0x00000000e1a77740) thrown at [t:/workspace/open/src/hotspot/share/interpreter/linkResolver.cpp, line 772]
Event: 3.347 Thread 0x000001d7338d3000 Exception <a 'java/lang/NoSuchMethodError'{0x00000000e239b5d8}: java.lang.invoke.DirectMethodHandle$Holder.invokeSpecial(Ljava/lang/Object;Ljava/lang/Object;Ljava/lang/Object;Ljava/lang/Object;Ljava/lang/Object;)V> (0x00000000e239b5d8) thrown at [t:/works
Event: 3.368 Thread 0x000001d73367f000 Exception <a 'java/lang/reflect/InvocationTargetException'{0x00000000e228f6c0}> (0x00000000e228f6c0) thrown at [t:/workspace/open/src/hotspot/share/runtime/reflection.cpp, line 1242]

Events (10 events):
Event: 3.758 loading class org/hibernate/validator/internal/util/logging/Log_$logger_ru_RU done
Event: 3.760 loading class org/hibernate/validator/internal/util/logging/Log_$logger_ru
Event: 3.760 loading class org/hibernate/validator/internal/util/logging/Log_$logger_ru done
Event: 3.760 loading class org/hibernate/validator/internal/engine/ValidatorFactoryImpl$BeanMetaDataManagerKey
Event: 3.760 loading class org/hibernate/validator/internal/engine/ValidatorFactoryImpl$BeanMetaDataManagerKey done
Event: 3.761 loading class org/hibernate/validator/internal/engine/ValidatorFactoryImpl$ValidatorFactoryScopedContext
Event: 3.761 loading class org/hibernate/validator/internal/engine/ValidatorFactoryImpl$ValidatorFactoryScopedContext done
Event: 3.761 loading class org/hibernate/validator/internal/metadata/BeanMetaDataManager
Event: 3.761 loading class org/hibernate/validator/internal/metadata/BeanMetaDataManager done
Event: 3.761 Executing VM operation: CollectForMetadataAllocation


Dynamic libraries:
0x00007ff79bfc0000 - 0x00007ff79c007000 	C:\Program Files\jdk-11.0.2\bin\java.exe
0x00007ffe33170000 - 0x00007ffe33350000 	C:\Windows\SYSTEM32\ntdll.dll
0x00007ffe30640000 - 0x00007ffe306ee000 	C:\Windows\System32\KERNEL32.DLL
0x00007ffe303d0000 - 0x00007ffe30636000 	C:\Windows\System32\KERNELBASE.dll
0x00007ffe308a0000 - 0x00007ffe30941000 	C:\Windows\System32\ADVAPI32.dll
0x00007ffe32b00000 - 0x00007ffe32b9d000 	C:\Windows\System32\msvcrt.dll
0x00007ffe32bb0000 - 0x00007ffe32c0b000 	C:\Windows\System32\sechost.dll
0x00007ffe32c70000 - 0x00007ffe32d8f000 	C:\Windows\System32\RPCRT4.dll
0x00007ffe31210000 - 0x00007ffe3139f000 	C:\Windows\System32\USER32.dll
0x00007ffe303b0000 - 0x00007ffe303d0000 	C:\Windows\System32\win32u.dll
0x00007ffe32e90000 - 0x00007ffe32eb8000 	C:\Windows\System32\GDI32.dll
0x00007ffe30020000 - 0x00007ffe301b3000 	C:\Windows\System32\gdi32full.dll
0x00007ffe30210000 - 0x00007ffe302ab000 	C:\Windows\System32\msvcp_win.dll
0x00007ffe302b0000 - 0x00007ffe303a6000 	C:\Windows\System32\ucrtbase.dll
0x00007ffe1e710000 - 0x00007ffe1e979000 	C:\Windows\WinSxS\amd64_microsoft.windows.common-controls_6595b64144ccf1df_6.0.16299.125_none_15cbcf8893620c09\COMCTL32.dll
0x00007ffe30a00000 - 0x00007ffe30d08000 	C:\Windows\System32\combase.dll
0x00007ffe2ff40000 - 0x00007ffe2ffb2000 	C:\Windows\System32\bcryptPrimitives.dll
0x00007ffe293f0000 - 0x00007ffe293fa000 	C:\Windows\SYSTEM32\VERSION.dll
0x00007ffe32d90000 - 0x00007ffe32dbd000 	C:\Windows\System32\IMM32.DLL
0x00007ffe26cc0000 - 0x00007ffe26cd6000 	C:\Program Files\jdk-11.0.2\bin\vcruntime140.dll
0x00007ffe20b50000 - 0x00007ffe20bfa000 	C:\Program Files\jdk-11.0.2\bin\msvcp140.dll
0x00007ffdf2a20000 - 0x00007ffdf3547000 	C:\Program Files\jdk-11.0.2\bin\server\jvm.dll
0x00007ffe32ba0000 - 0x00007ffe32ba8000 	C:\Windows\System32\PSAPI.DLL
0x00007ffe27f10000 - 0x00007ffe27f19000 	C:\Windows\SYSTEM32\WSOCK32.dll
0x00007ffe33030000 - 0x00007ffe3309c000 	C:\Windows\System32\WS2_32.dll
0x00007ffe2d860000 - 0x00007ffe2d883000 	C:\Windows\SYSTEM32\WINMM.dll
0x00007ffe2d800000 - 0x00007ffe2d82a000 	C:\Windows\SYSTEM32\WINMMBASE.dll
0x00007ffe301c0000 - 0x00007ffe3020a000 	C:\Windows\System32\cfgmgr32.dll
0x00007ffe2f530000 - 0x00007ffe2f541000 	C:\Windows\System32\kernel.appcore.dll
0x00007ffe25950000 - 0x00007ffe25961000 	C:\Program Files\jdk-11.0.2\bin\verify.dll
0x00007ffe213c0000 - 0x00007ffe21588000 	C:\Windows\SYSTEM32\DBGHELP.DLL
0x00007ffe21390000 - 0x00007ffe213b9000 	C:\Windows\SYSTEM32\dbgcore.DLL
0x00007ffe241a0000 - 0x00007ffe241c9000 	C:\Program Files\jdk-11.0.2\bin\java.dll
0x00007ffe24150000 - 0x00007ffe2417f000 	C:\Program Files\jdk-11.0.2\bin\instrument.dll
0x00007ffe24180000 - 0x00007ffe24196000 	C:\Program Files\jdk-11.0.2\bin\zip.dll
0x00007ffe2d8c0000 - 0x00007ffe2d8ca000 	C:\Program Files\jdk-11.0.2\bin\jimage.dll
0x00007ffe313a0000 - 0x00007ffe327d6000 	C:\Windows\System32\SHELL32.dll
0x00007ffe30950000 - 0x00007ffe309f6000 	C:\Windows\System32\shcore.dll
0x00007ffe2f570000 - 0x00007ffe2fcb7000 	C:\Windows\System32\windows.storage.dll
0x00007ffe32c10000 - 0x00007ffe32c61000 	C:\Windows\System32\shlwapi.dll
0x00007ffe2f4e0000 - 0x00007ffe2f52c000 	C:\Windows\System32\powrprof.dll
0x00007ffe2f4c0000 - 0x00007ffe2f4db000 	C:\Windows\System32\profapi.dll
0x00007ffe240f0000 - 0x00007ffe24109000 	C:\Program Files\jdk-11.0.2\bin\net.dll
0x00007ffe29910000 - 0x00007ffe299ee000 	C:\Windows\SYSTEM32\WINHTTP.dll
0x00007ffe263a0000 - 0x00007ffe2656c000 	C:\Windows\SYSTEM32\urlmon.dll
0x00007ffe311e0000 - 0x00007ffe311fd000 	C:\Windows\System32\imagehlp.dll
0x00007ffe26100000 - 0x00007ffe26399000 	C:\Windows\SYSTEM32\iertutil.dll
0x00007ffe2eed0000 - 0x00007ffe2eedb000 	C:\Windows\SYSTEM32\CRYPTBASE.DLL
0x00007ffe2ecf0000 - 0x00007ffe2ed56000 	C:\Windows\system32\mswsock.dll
0x00007ffe240d0000 - 0x00007ffe240e3000 	C:\Program Files\jdk-11.0.2\bin\nio.dll
0x00007ffe24080000 - 0x00007ffe2409a000 	C:\Program Files\JetBrains\IntelliJ IDEA 2018.3.5\bin\breakgen64.dll
0x00007ffe2eac0000 - 0x00007ffe2eb76000 	C:\Windows\SYSTEM32\DNSAPI.dll
0x00007ffe31200000 - 0x00007ffe31208000 	C:\Windows\System32\NSI.dll
0x00007ffe2ea80000 - 0x00007ffe2eab9000 	C:\Windows\SYSTEM32\IPHLPAPI.DLL
0x00007ffe27400000 - 0x00007ffe2740a000 	C:\Windows\System32\rasadhlp.dll
0x00007ffe27b60000 - 0x00007ffe27bd0000 	C:\Windows\System32\fwpuclnt.dll
0x00007ffe2efc0000 - 0x00007ffe2efe5000 	C:\Windows\SYSTEM32\bcrypt.dll
0x00007ffe2acc0000 - 0x00007ffe2acc9000 	C:\Program Files\jdk-11.0.2\bin\management.dll
0x00007ffe2aba0000 - 0x00007ffe2abac000 	C:\Program Files\jdk-11.0.2\bin\management_ext.dll
0x00007ffe2eeb0000 - 0x00007ffe2eec7000 	C:\Windows\SYSTEM32\CRYPTSP.dll
0x00007ffe2e900000 - 0x00007ffe2e933000 	C:\Windows\system32\rsaenh.dll
0x00007ffe2f3f0000 - 0x00007ffe2f419000 	C:\Windows\SYSTEM32\USERENV.dll
0x00007ffe28f00000 - 0x00007ffe28f16000 	C:\Windows\SYSTEM32\dhcpcsvc6.DLL
0x00007ffe295d0000 - 0x00007ffe295ea000 	C:\Windows\SYSTEM32\dhcpcsvc.DLL
0x00007ffe21e40000 - 0x00007ffe21e56000 	C:\Windows\system32\napinsp.dll
0x00007ffe1f630000 - 0x00007ffe1f64a000 	C:\Windows\system32\pnrpnsp.dll
0x00007ffe2c170000 - 0x00007ffe2c188000 	C:\Windows\system32\NLAapi.dll
0x00007ffe25340000 - 0x00007ffe2534e000 	C:\Windows\System32\winrnr.dll

dbghelp: loaded successfully - version: 4.0.5 - missing functions: none
symbol engine: initialized successfully - sym options: 0x614 - pdb path: .;C:\Program Files\jdk-11.0.2\bin;C:\Windows\SYSTEM32;C:\Windows\WinSxS\amd64_microsoft.windows.common-controls_6595b64144ccf1df_6.0.16299.125_none_15cbcf8893620c09;C:\Program Files\jdk-11.0.2\bin\server;C:\Program Files\JetBrains\IntelliJ IDEA 2018.3.5\bin

VM Arguments:
jvm_args: -XX:TieredStopAtLevel=1 -Xverify:none -Dspring.output.ansi.enabled=always -Dcom.sun.management.jmxremote -Dspring.liveBeansView.mbeanDomain -Dspring.application.admin.enabled=true -javaagent:C:\Program Files\JetBrains\IntelliJ IDEA 2018.3.5\lib\idea_rt.jar=54034:C:\Program Files\JetBrains\IntelliJ IDEA 2018.3.5\bin -Dfile.encoding=UTF-8 
java_command: com.example.sweater.Application
java_class_path (initial): C:\Users\aidar\IdeaProjects\sweater\target\classes;C:\Users\aidar\.m2\repository\org\springframework\boot\spring-boot-starter-web\2.0.5.RELEASE\spring-boot-starter-web-2.0.5.RELEASE.jar;C:\Users\aidar\.m2\repository\org\springframework\boot\spring-boot-starter\2.0.5.RELEASE\spring-boot-starter-2.0.5.RELEASE.jar;C:\Users\aidar\.m2\repository\org\springframework\boot\spring-boot-starter-logging\2.0.5.RELEASE\spring-boot-starter-logging-2.0.5.RELEASE.jar;C:\Users\aidar\.m2\repository\ch\qos\logback\logback-classic\1.2.3\logback-classic-1.2.3.jar;C:\Users\aidar\.m2\repository\ch\qos\logback\logback-core\1.2.3\logback-core-1.2.3.jar;C:\Users\aidar\.m2\repository\org\slf4j\slf4j-api\1.7.25\slf4j-api-1.7.25.jar;C:\Users\aidar\.m2\repository\org\apache\logging\log4j\log4j-to-slf4j\2.10.0\log4j-to-slf4j-2.10.0.jar;C:\Users\aidar\.m2\repository\org\apache\logging\log4j\log4j-api\2.10.0\log4j-api-2.10.0.jar;C:\Users\aidar\.m2\repository\org\slf4j\jul-to-slf4j\1.7.25\jul-to-slf4j-1.7.25.jar;C:\Users\aidar\.m2\repository\javax\annotation\javax.annotation-api\1.3.2\javax.annotation-api-1.3.2.jar;C:\Users\aidar\.m2\repository\org\springframework\spring-core\5.0.9.RELEASE\spring-core-5.0.9.RELEASE.jar;C:\Users\aidar\.m2\repository\org\springframework\spring-jcl\5.0.9.RELEASE\spring-jcl-5.0.9.RELEASE.jar;C:\Users\aidar\.m2\repository\org\yaml\snakeyaml\1.19\snakeyaml-1.19.jar;C:\Users\aidar\.m2\repository\org\springframework\boot\spring-boot-starter-json\2.0.5.RELEASE\spring-boot-starter-json-2.0.5.RELEASE.jar;C:\Users\aidar\.m2\repository\com\fasterxml\jackson\core\jackson-databind\2.9.6\jackson-databind-2.9.6.jar;C:\Users\aidar\.m2\repository\com\fasterxml\jackson\core\jackson-annotations\2.9.0\jackson-annotations-2.9.0.jar;C:\Users\aidar\.m2\repository\com\fasterxml\jackson\core\jackson-core\2.9.6\jackson-core-2.9.6.jar;C:\Users\aidar\.m2\repository\com\fasterxml\jackson\datatype\jackson-datatype-jdk8\2.9.6\jackson-datatype-jdk8-2.9.6.jar;C:\Users\aid
Launcher Type: SUN_STANDARD

[Global flags]
     bool BytecodeVerificationLocal                = false                                     {product} {command line}
     bool BytecodeVerificationRemote               = false                                     {product} {command line}
     intx CICompilerCount                          = 2                                         {product} {ergonomic}
     uint ConcGCThreads                            = 1                                         {product} {ergonomic}
     uint G1ConcRefinementThreads                  = 2                                         {product} {ergonomic}
   size_t G1HeapRegionSize                         = 1048576                                   {product} {ergonomic}
    uintx GCDrainStackTargetSize                   = 64                                        {product} {ergonomic}
   size_t InitialHeapSize                          = 33554432                                  {product} {ergonomic}
     bool ManagementServer                         = true                                      {product} {command line}
   size_t MarkStackSize                            = 4194304                                   {product} {ergonomic}
   size_t MaxHeapSize                              = 532676608                                 {product} {ergonomic}
   size_t MaxNewSize                               = 318767104                                 {product} {ergonomic}
   size_t MinHeapDeltaBytes                        = 1048576                                   {product} {ergonomic}
    uintx NonNMethodCodeHeapSize                   = 6396312                                {pd product} {ergonomic}
    uintx NonProfiledCodeHeapSize                  = 245261928                              {pd product} {ergonomic}
    uintx ProfiledCodeHeapSize                     = 0                                      {pd product} {ergonomic}
    uintx ReservedCodeCacheSize                    = 251658240                              {pd product} {ergonomic}
     bool SegmentedCodeCache                       = true                                      {product} {ergonomic}
     intx TieredStopAtLevel                        = 1                                         {product} {command line}
     bool UseCompressedClassPointers               = true                                 {lp64_product} {ergonomic}
     bool UseCompressedOops                        = true                                 {lp64_product} {ergonomic}
     bool UseG1GC                                  = true                                      {product} {ergonomic}
     bool UseLargePagesIndividualAllocation        = false                                  {pd product} {ergonomic}

Logging:
Log output configuration:
 #0: stdout all=warning uptime,level,tags
 #1: stderr all=off uptime,level,tags

Environment Variables:
PATH=C:\Windows\system32;C:\Windows;C:\Windows\System32\Wbem;C:\Windows\System32\WindowsPowerShell\v1.0\;C:\Program Files (x86)\ATI Technologies\ATI.ACE\Core-Static;C:\Program Files\jdk-11.0.2\bin;C:\Program Files\apache-maven-3.6.0\bin;C:\Users\aidar\AppData\Local\Microsoft\WindowsApps;
USERNAME=aidar
OS=Windows_NT
PROCESSOR_IDENTIFIER=Intel64 Family 6 Model 42 Stepping 7, GenuineIntel



---------------  S Y S T E M  ---------------

OS: Windows 10 , 64 bit Build 16299 (10.0.16299.15)

CPU:total 2 (initial active 2) (2 cores per cpu, 1 threads per core) family 6 model 42 stepping 7, cmov, cx8, fxsr, mmx, sse, sse2, sse3, ssse3, sse4.1, sse4.2, popcnt, clmul, tsc, tscinvbit

Memory: 4k page, system-wide physical 2024M (325M free)
TotalPageFile size 4393M (AvailPageFile size 15M)
current process WorkingSet (physical memory assigned to process): 75M, peak: 75M
current process commit charge ("private bytes"): 116M, peak: 135M

vm_info: Java HotSpot(TM) 64-Bit Server VM (11.0.2+9-LTS) for windows-amd64 JRE (11.0.2+9-LTS), built on Jan 18 2019 05:24:10 by "mach5one" with MS VC++ 15.5 (VS2017)

END.
